app/build/intermediates/manifest_merge_blame_file/release/processReleaseMainManifest/manifest-merger-blame-release-report.txt
1<?xml version="1.0" encoding="utf-8"?>
2<manifest xmlns:android="http://schemas.android.com/apk/res/android"
3    package="com.gamevault.android"
4    android:versionCode="8"
5    android:versionName="0.3.0" >
6
7    <uses-sdk
8        android:minSdkVersion="26"
9        android:targetSdkVersion="35" />
10
11    <uses-permission android:name="android.permission.INTERNET" />
11-->src/main/AndroidManifest.xml:4:5-67
11-->src/main/AndroidManifest.xml:4:22-64
12    <uses-permission android:name="android.permission.ACCESS_NETWORK_STATE" />
12-->src/main/AndroidManifest.xml:5:5-79
12-->src/main/AndroidManifest.xml:5:22-76
13    <uses-permission
13-->src/main/AndroidManifest.xml:6:5-7:38
14        android:name="android.permission.WRITE_EXTERNAL_STORAGE"
14-->src/main/AndroidManifest.xml:6:22-78
15        android:maxSdkVersion="28" />
15-->src/main/AndroidManifest.xml:7:9-35
16    <uses-permission
16-->src/main/AndroidManifest.xml:8:5-9:38
17        android:name="android.permission.READ_EXTERNAL_STORAGE"
17-->src/main/AndroidManifest.xml:8:22-77
18        android:maxSdkVersion="32" />
18-->src/main/AndroidManifest.xml:9:9-35
19    <uses-permission android:name="android.permission.REQUEST_INSTALL_PACKAGES" />
19-->src/main/AndroidManifest.xml:10:5-83
19-->src/main/AndroidManifest.xml:10:22-80
20    <uses-permission android:name="android.permission.FOREGROUND_SERVICE" />
20-->src/main/AndroidManifest.xml:11:5-77
20-->src/main/AndroidManifest.xml:11:22-74
21    <uses-permission android:name="android.permission.FOREGROUND_SERVICE_DATA_SYNC" />
21-->src/main/AndroidManifest.xml:12:5-87
21-->src/main/AndroidManifest.xml:12:22-84
22    <uses-permission android:name="android.permission.POST_NOTIFICATIONS" />
22-->src/main/AndroidManifest.xml:13:5-77
22-->src/main/AndroidManifest.xml:13:22-74
23
24    <permission
24-->[androidx.core:core:1.13.1] AndroidManifest.xml:22:5-24:47
25        android:name="com.gamevault.android.DYNAMIC_RECEIVER_NOT_EXPORTED_PERMISSION"
25-->[androidx.core:core:1.13.1] AndroidManifest.xml:23:9-81
26        android:protectionLevel="signature" />
26-->[androidx.core:core:1.13.1] AndroidManifest.xml:24:9-44
27
28    <uses-permission android:name="com.gamevault.android.DYNAMIC_RECEIVER_NOT_EXPORTED_PERMISSION" />
28-->[androidx.core:core:1.13.1] AndroidManifest.xml:26:5-97
28-->[androidx.core:core:1.13.1] AndroidManifest.xml:26:22-94
29
30    <application
30-->src/main/AndroidManifest.xml:15:5-50:19
31        android:name="com.gamevault.android.App"
31-->src/main/AndroidManifest.xml:16:9-28
32        android:allowBackup="true"
32-->src/main/AndroidManifest.xml:17:9-35
33        android:appComponentFactory="androidx.core.app.CoreComponentFactory"
33-->[androidx.core:core:1.13.1] AndroidManifest.xml:28:18-86
34        android:extractNativeLibs="false"
35        android:icon="@mipmap/ic_launcher"
35-->src/main/AndroidManifest.xml:18:9-43
36        android:label="@string/app_name"
36-->src/main/AndroidManifest.xml:19:9-41
37        android:roundIcon="@mipmap/ic_launcher_round"
37-->src/main/AndroidManifest.xml:20:9-54
38        android:supportsRtl="true"
38-->src/main/AndroidManifest.xml:21:9-35
39        android:theme="@style/Theme.GameVault"
39-->src/main/AndroidManifest.xml:22:9-47
40        android:usesCleartextTraffic="true" >
40-->src/main/AndroidManifest.xml:23:9-44
41        <activity
41-->src/main/AndroidManifest.xml:25:9-33:20
42            android:name="com.gamevault.android.MainActivity"
42-->src/main/AndroidManifest.xml:26:13-41
43            android:exported="true"
43-->src/main/AndroidManifest.xml:27:13-36
44            android:windowSoftInputMode="adjustResize" >
44-->src/main/AndroidManifest.xml:28:13-55
45            <intent-filter>
45-->src/main/AndroidManifest.xml:29:13-32:29
46                <action android:name="android.intent.action.MAIN" />
46-->src/main/AndroidManifest.xml:30:17-69
46-->src/main/AndroidManifest.xml:30:25-66
47
48                <category android:name="android.intent.category.LAUNCHER" />
48-->src/main/AndroidManifest.xml:31:17-77
48-->src/main/AndroidManifest.xml:31:27-74
49            </intent-filter>
50        </activity>
51
52        <service
52-->src/main/AndroidManifest.xml:35:9-38:56
53            android:name="com.gamevault.android.service.DownloadService"
53-->src/main/AndroidManifest.xml:36:13-52
54            android:exported="false"
54-->src/main/AndroidManifest.xml:37:13-37
55            android:foregroundServiceType="dataSync" />
55-->src/main/AndroidManifest.xml:38:13-53
56
57        <provider
58            android:name="androidx.core.content.FileProvider"
58-->src/main/AndroidManifest.xml:41:13-62
59            android:authorities="com.gamevault.android.fileprovider"
59-->src/main/AndroidManifest.xml:42:13-64
60            android:exported="false"
60-->src/main/AndroidManifest.xml:43:13-37
61            android:grantUriPermissions="true" >
61-->src/main/AndroidManifest.xml:44:13-47
62            <meta-data
62-->src/main/AndroidManifest.xml:45:13-47:54
63                android:name="android.support.FILE_PROVIDER_PATHS"
63-->src/main/AndroidManifest.xml:46:17-67
64                android:resource="@xml/file_paths" />
64-->src/main/AndroidManifest.xml:47:17-51
65        </provider>
66        <provider
66-->[androidx.emoji2:emoji2:1.4.0] AndroidManifest.xml:24:9-32:20
67            android:name="androidx.startup.InitializationProvider"
67-->[androidx.emoji2:emoji2:1.4.0] AndroidManifest.xml:25:13-67
68            android:authorities="com.gamevault.android.androidx-startup"
68-->[androidx.emoji2:emoji2:1.4.0] AndroidManifest.xml:26:13-68
69            android:exported="false" >
69-->[androidx.emoji2:emoji2:1.4.0] AndroidManifest.xml:27:13-37
70            <meta-data
70-->[androidx.emoji2:emoji2:1.4.0] AndroidManifest.xml:29:13-31:52
71                android:name="androidx.emoji2.text.EmojiCompatInitializer"
71-->[androidx.emoji2:emoji2:1.4.0] AndroidManifest.xml:30:17-75
72                android:value="androidx.startup" />
72-->[androidx.emoji2:emoji2:1.4.0] AndroidManifest.xml:31:17-49
73            <meta-data
73-->[androidx.lifecycle:lifecycle-process:2.8.6] AndroidManifest.xml:29:13-31:52
74                android:name="androidx.lifecycle.ProcessLifecycleInitializer"
74-->[androidx.lifecycle:lifecycle-process:2.8.6] AndroidManifest.xml:30:17-78
75                android:value="androidx.startup" />
75-->[androidx.lifecycle:lifecycle-process:2.8.6] AndroidManifest.xml:31:17-49
76            <meta-data
76-->[androidx.profileinstaller:profileinstaller:1.3.1] AndroidManifest.xml:29:13-31:52
77                android:name="androidx.profileinstaller.ProfileInstallerInitializer"
77-->[androidx.profileinstaller:profileinstaller:1.3.1] AndroidManifest.xml:30:17-85
78                android:value="androidx.startup" />
78-->[androidx.profileinstaller:profileinstaller:1.3.1] AndroidManifest.xml:31:17-49
79        </provider>
80
81        <receiver
81-->[androidx.profileinstaller:profileinstaller:1.3.1] AndroidManifest.xml:34:9-52:20
82            android:name="androidx.profileinstaller.ProfileInstallReceiver"
82-->[androidx.profileinstaller:profileinstaller:1.3.1] AndroidManifest.xml:35:13-76
83            android:directBootAware="false"
83-->[androidx.profileinstaller:profileinstaller:1.3.1] AndroidManifest.xml:36:13-44
84            android:enabled="true"
84-->[androidx.profileinstaller:profileinstaller:1.3.1] AndroidManifest.xml:37:13-35
85            android:exported="true"
85-->[androidx.profileinstaller:profileinstaller:1.3.1] AndroidManifest.xml:38:13-36
86            android:permission="android.permission.DUMP" >
86-->[androidx.profileinstaller:profileinstaller:1.3.1] AndroidManifest.xml:39:13-57
87            <intent-filter>
87-->[androidx.profileinstaller:profileinstaller:1.3.1] AndroidManifest.xml:40:13-42:29
88                <action android:name="androidx.profileinstaller.action.INSTALL_PROFILE" />
88-->[androidx.profileinstaller:profileinstaller:1.3.1] AndroidManifest.xml:41:17-91
88-->[androidx.profileinstaller:profileinstaller:1.3.1] AndroidManifest.xml:41:25-88
89            </intent-filter>
90            <intent-filter>
90-->[androidx.profileinstaller:profileinstaller:1.3.1] AndroidManifest.xml:43:13-45:29
91                <action android:name="androidx.profileinstaller.action.SKIP_FILE" />
91-->[androidx.profileinstaller:profileinstaller:1.3.1] AndroidManifest.xml:44:17-85
91-->[androidx.profileinstaller:profileinstaller:1.3.1] AndroidManifest.xml:44:25-82
92            </intent-filter>
93            <intent-filter>
93-->[androidx.profileinstaller:profileinstaller:1.3.1] AndroidManifest.xml:46:13-48:29
94                <action android:name="androidx.profileinstaller.action.SAVE_PROFILE" />
94-->[androidx.profileinstaller:profileinstaller:1.3.1] AndroidManifest.xml:47:17-88
94-->[androidx.profileinstaller:profileinstaller:1.3.1] AndroidManifest.xml:47:25-85
95            </intent-filter>
96            <intent-filter>
96-->[androidx.profileinstaller:profileinstaller:1.3.1] AndroidManifest.xml:49:13-51:29
97                <action android:name="androidx.profileinstaller.action.BENCHMARK_OPERATION" />
97-->[androidx.profileinstaller:profileinstaller:1.3.1] AndroidManifest.xml:50:17-95
97-->[androidx.profileinstaller:profileinstaller:1.3.1] AndroidManifest.xml:50:25-92
98            </intent-filter>
99        </receiver>
100    </application>
101
102</manifest>